[debug] [2020-04-11T10:44:58.450Z] ----------------------------------------------------------------------
[debug] [2020-04-11T10:44:58.451Z] Command:       C:\Program Files\nodejs\node.exe C:\Users\Nissmel\AppData\Roaming\npm\node_modules\firebase-tools\lib\bin\firebase.js serve
[debug] [2020-04-11T10:44:58.451Z] CLI Version:   8.0.2
[debug] [2020-04-11T10:44:58.451Z] Platform:      win32
[debug] [2020-04-11T10:44:58.452Z] Node Version:  v13.12.0
[debug] [2020-04-11T10:44:58.452Z] Time:          Sat Apr 11 2020 12:44:58 GMT+0200 (czas środkowoeuropejski letni)
[debug] [2020-04-11T10:44:58.452Z] ----------------------------------------------------------------------
[debug] [2020-04-11T10:44:58.453Z] 
[debug] [2020-04-11T10:44:58.461Z] > command requires scopes: ["email","openid","https://www.googleapis.com/auth/cloudplatformprojects.readonly","https://www.googleapis.com/auth/firebase","https://www.googleapis.com/auth/cloud-platform"]
[debug] [2020-04-11T10:44:58.461Z] > authorizing via signed-in user
[debug] [2020-04-11T10:44:58.461Z] [iam] checking project geotag-8dae5 for permissions ["firebase.projects.get"]
[debug] [2020-04-11T10:44:58.463Z] > refreshing access token with scopes: ["email","https://www.googleapis.com/auth/cloud-platform","https://www.googleapis.com/auth/cloudplatformprojects.readonly","https://www.googleapis.com/auth/firebase","openid"]
[debug] [2020-04-11T10:44:58.463Z] >>> HTTP REQUEST POST https://www.googleapis.com/oauth2/v3/token  
 <request body omitted>
[debug] [2020-04-11T10:44:58.563Z] <<< HTTP RESPONSE 200 {"content-type":"application/json; charset=utf-8","vary":"X-Origin, Referer, Origin,Accept-Encoding","date":"Sat, 11 Apr 2020 10:44:58 GMT","server":"scaffolding on HTTPServer2","cache-control":"private","x-xss-protection":"0","x-frame-options":"SAMEORIGIN","x-content-type-options":"nosniff","alt-svc":"quic=\":443\"; ma=2592000; v=\"46,43\",h3-Q050=\":443\"; ma=2592000,h3-Q049=\":443\"; ma=2592000,h3-Q048=\":443\"; ma=2592000,h3-Q046=\":443\"; ma=2592000,h3-Q043=\":443\"; ma=2592000,h3-T050=\":443\"; ma=2592000","accept-ranges":"none","transfer-encoding":"chunked"}
[debug] [2020-04-11T10:44:58.572Z] >>> HTTP REQUEST POST https://cloudresourcemanager.googleapis.com/v1/projects/geotag-8dae5:testIamPermissions  
 {"permissions":["firebase.projects.get"]}
[debug] [2020-04-11T10:44:59.440Z] <<< HTTP RESPONSE 200 {"content-type":"application/json; charset=UTF-8","vary":"X-Origin, Referer, Origin,Accept-Encoding","date":"Sat, 11 Apr 2020 10:44:59 GMT","server":"ESF","cache-control":"private","x-xss-protection":"0","x-frame-options":"SAMEORIGIN","x-content-type-options":"nosniff","server-timing":"gfet4t7; dur=819","alt-svc":"quic=\":443\"; ma=2592000; v=\"46,43\",h3-Q050=\":443\"; ma=2592000,h3-Q049=\":443\"; ma=2592000,h3-Q048=\":443\"; ma=2592000,h3-Q046=\":443\"; ma=2592000,h3-Q043=\":443\"; ma=2592000,h3-T050=\":443\"; ma=2592000","accept-ranges":"none","transfer-encoding":"chunked"}
[debug] [2020-04-11T10:44:59.443Z] >>> HTTP REQUEST GET https://firebase.googleapis.com/v1beta1/projects/geotag-8dae5  
 
[debug] [2020-04-11T10:44:59.688Z] <<< HTTP RESPONSE 200 {"content-type":"application/json; charset=UTF-8","vary":"X-Origin, Referer, Origin,Accept-Encoding","date":"Sat, 11 Apr 2020 10:45:00 GMT","server":"ESF","cache-control":"private","x-xss-protection":"0","x-frame-options":"SAMEORIGIN","x-content-type-options":"nosniff","alt-svc":"quic=\":443\"; ma=2592000; v=\"46,43\",h3-Q050=\":443\"; ma=2592000,h3-Q049=\":443\"; ma=2592000,h3-Q048=\":443\"; ma=2592000,h3-Q046=\":443\"; ma=2592000,h3-Q043=\":443\"; ma=2592000,h3-T050=\":443\"; ma=2592000","accept-ranges":"none","transfer-encoding":"chunked"}
[info] 
[info] === Serving from 'C:\Users\Nissmel\GeoTag\Firebase'...
[info] 
[debug] [2020-04-11T10:44:59.709Z] >>> HTTP REQUEST GET https://firebase.googleapis.com/v1beta1/projects/geotag-8dae5/webApps/-/config  
 
[debug] [2020-04-11T10:45:00.440Z] <<< HTTP RESPONSE 200 {"content-type":"application/json; charset=UTF-8","vary":"X-Origin, Referer, Origin,Accept-Encoding","date":"Sat, 11 Apr 2020 10:45:00 GMT","server":"ESF","cache-control":"private","x-xss-protection":"0","x-frame-options":"SAMEORIGIN","x-content-type-options":"nosniff","alt-svc":"quic=\":443\"; ma=2592000; v=\"46,43\",h3-Q050=\":443\"; ma=2592000,h3-Q049=\":443\"; ma=2592000,h3-Q048=\":443\"; ma=2592000,h3-Q046=\":443\"; ma=2592000,h3-Q043=\":443\"; ma=2592000,h3-T050=\":443\"; ma=2592000","accept-ranges":"none","transfer-encoding":"chunked"}
[info] i  hosting: Serving hosting files from: public
[info] +  hosting: Local server: http://localhost:5000
[debug] [2020-04-13T11:17:29.627Z] ----------------------------------------------------------------------
[debug] [2020-04-13T11:17:29.629Z] Command:       C:\Program Files\nodejs\node.exe C:\Users\Nissmel\AppData\Roaming\npm\node_modules\firebase-tools\lib\bin\firebase.js serve
[debug] [2020-04-13T11:17:29.629Z] CLI Version:   8.0.2
[debug] [2020-04-13T11:17:29.629Z] Platform:      win32
[debug] [2020-04-13T11:17:29.629Z] Node Version:  v13.12.0
[debug] [2020-04-13T11:17:29.630Z] Time:          Mon Apr 13 2020 13:17:29 GMT+0200 (czas środkowoeuropejski letni)
[debug] [2020-04-13T11:17:29.630Z] ----------------------------------------------------------------------
[debug] [2020-04-13T11:17:29.630Z] 
[debug] [2020-04-13T11:17:29.638Z] > command requires scopes: ["email","openid","https://www.googleapis.com/auth/cloudplatformprojects.readonly","https://www.googleapis.com/auth/firebase","https://www.googleapis.com/auth/cloud-platform"]
[debug] [2020-04-13T11:17:29.638Z] > authorizing via signed-in user
[debug] [2020-04-13T11:17:29.639Z] [iam] checking project geotag-8dae5 for permissions ["firebase.projects.get"]
[debug] [2020-04-13T11:17:29.640Z] > refreshing access token with scopes: ["email","https://www.googleapis.com/auth/cloud-platform","https://www.googleapis.com/auth/cloudplatformprojects.readonly","https://www.googleapis.com/auth/firebase","openid"]
[debug] [2020-04-13T11:17:29.640Z] >>> HTTP REQUEST POST https://www.googleapis.com/oauth2/v3/token  
 <request body omitted>
[debug] [2020-04-13T11:17:29.757Z] <<< HTTP RESPONSE 200 {"content-type":"application/json; charset=utf-8","vary":"X-Origin, Referer, Origin,Accept-Encoding","date":"Mon, 13 Apr 2020 11:17:29 GMT","server":"scaffolding on HTTPServer2","cache-control":"private","x-xss-protection":"0","x-frame-options":"SAMEORIGIN","x-content-type-options":"nosniff","alt-svc":"quic=\":443\"; ma=2592000; v=\"46,43\",h3-Q050=\":443\"; ma=2592000,h3-Q049=\":443\"; ma=2592000,h3-Q048=\":443\"; ma=2592000,h3-Q046=\":443\"; ma=2592000,h3-Q043=\":443\"; ma=2592000,h3-T050=\":443\"; ma=2592000","accept-ranges":"none","transfer-encoding":"chunked"}
[debug] [2020-04-13T11:17:29.779Z] >>> HTTP REQUEST POST https://cloudresourcemanager.googleapis.com/v1/projects/geotag-8dae5:testIamPermissions  
 {"permissions":["firebase.projects.get"]}
[debug] [2020-04-13T11:17:29.981Z] <<< HTTP RESPONSE 200 {"content-type":"application/json; charset=UTF-8","vary":"X-Origin, Referer, Origin,Accept-Encoding","date":"Mon, 13 Apr 2020 11:17:30 GMT","server":"ESF","cache-control":"private","x-xss-protection":"0","x-frame-options":"SAMEORIGIN","x-content-type-options":"nosniff","server-timing":"gfet4t7; dur=152","alt-svc":"quic=\":443\"; ma=2592000; v=\"46,43\",h3-Q050=\":443\"; ma=2592000,h3-Q049=\":443\"; ma=2592000,h3-Q048=\":443\"; ma=2592000,h3-Q046=\":443\"; ma=2592000,h3-Q043=\":443\"; ma=2592000,h3-T050=\":443\"; ma=2592000","accept-ranges":"none","transfer-encoding":"chunked"}
[debug] [2020-04-13T11:17:29.984Z] >>> HTTP REQUEST GET https://firebase.googleapis.com/v1beta1/projects/geotag-8dae5  
 
[debug] [2020-04-13T11:17:30.295Z] <<< HTTP RESPONSE 200 {"content-type":"application/json; charset=UTF-8","vary":"X-Origin, Referer, Origin,Accept-Encoding","date":"Mon, 13 Apr 2020 11:17:30 GMT","server":"ESF","cache-control":"private","x-xss-protection":"0","x-frame-options":"SAMEORIGIN","x-content-type-options":"nosniff","alt-svc":"quic=\":443\"; ma=2592000; v=\"46,43\",h3-Q050=\":443\"; ma=2592000,h3-Q049=\":443\"; ma=2592000,h3-Q048=\":443\"; ma=2592000,h3-Q046=\":443\"; ma=2592000,h3-Q043=\":443\"; ma=2592000,h3-T050=\":443\"; ma=2592000","accept-ranges":"none","transfer-encoding":"chunked"}
[info] 
[info] === Serving from 'C:\Users\Nissmel\GeoTag\Firebase'...
[info] 
[debug] [2020-04-13T11:17:30.324Z] >>> HTTP REQUEST GET https://firebase.googleapis.com/v1beta1/projects/geotag-8dae5/webApps/-/config  
 
[debug] [2020-04-13T11:17:31.131Z] <<< HTTP RESPONSE 200 {"content-type":"application/json; charset=UTF-8","vary":"X-Origin, Referer, Origin,Accept-Encoding","date":"Mon, 13 Apr 2020 11:17:31 GMT","server":"ESF","cache-control":"private","x-xss-protection":"0","x-frame-options":"SAMEORIGIN","x-content-type-options":"nosniff","alt-svc":"quic=\":443\"; ma=2592000; v=\"46,43\",h3-Q050=\":443\"; ma=2592000,h3-Q049=\":443\"; ma=2592000,h3-Q048=\":443\"; ma=2592000,h3-Q046=\":443\"; ma=2592000,h3-Q043=\":443\"; ma=2592000,h3-T050=\":443\"; ma=2592000","accept-ranges":"none","transfer-encoding":"chunked"}
[info] i  hosting: Serving hosting files from: public
[info] +  hosting: Local server: http://localhost:5000
